# JRE version: Java(TM) SE Runtime Environment (15.0.2+7) (build 15.0.2+7-27)
# Java VM: Java HotSpot(TM) 64-Bit Server VM (15.0.2+7-27, mixed mode, sharing, tiered, compressed oops, g1 gc, windows-amd64)
GC Precious Log:
 CPUs: 8 total, 8 available
 Memory: 16211M
 Large Page Support: Disabled
 NUMA Support: Disabled
 Compressed Oops: Enabled (Zero based)
 Heap Region Size: 2M
 Heap Min Capacity: 8M
 Heap Initial Capacity: 254M
 Heap Max Capacity: 4054M
 Pre-touch: Disabled
 Parallel Workers: 8
 Concurrent Workers: 2
 Concurrent Refinement Workers: 8
 Periodic GC: Disabled
Heap:
 garbage-first heap   total 1105920K, used 318599K [0x0000000702a00000, 0x0000000800000000)
  region size 2048K, 1 young (2048K), 1 survivors (2048K)
 Metaspace       used 18462K, capacity 18789K, committed 18944K, reserved 1064960K
  class space    used 2615K, capacity 2720K, committed 2816K, reserved 1048576K
GC Heap History (20 events):
Event: 3.374 GC heap after
{Heap after GC invocations=17 (full 0):
 garbage-first heap   total 284672K, used 164756K [0x0000000702a00000, 0x0000000800000000)
  region size 2048K, 4 young (8192K), 4 survivors (8192K)
 Metaspace       used 18200K, capacity 18457K, committed 18688K, reserved 1064960K
  class space    used 2614K, capacity 2718K, committed 2816K, reserved 1048576K
}
Event: 3.392 GC heap before
{Heap before GC invocations=18 (full 0):
 garbage-first heap   total 290816K, used 168852K [0x0000000702a00000, 0x0000000800000000)
  region size 2048K, 5 young (10240K), 4 survivors (8192K)
 Metaspace       used 18214K, capacity 18521K, committed 18688K, reserved 1064960K
  class space    used 2614K, capacity 2718K, committed 2816K, reserved 1048576K
}
Event: 3.395 GC heap after
{Heap after GC invocations=19 (full 0):
 garbage-first heap   total 290816K, used 168439K [0x0000000702a00000, 0x0000000800000000)
  region size 2048K, 3 young (6144K), 3 survivors (6144K)
 Metaspace       used 18214K, capacity 18521K, committed 18688K, reserved 1064960K
  class space    used 2614K, capacity 2718K, committed 2816K, reserved 1048576K
}
Event: 3.414 GC heap before
{Heap before GC invocations=20 (full 0):
 garbage-first heap   total 294912K, used 172535K [0x0000000702a00000, 0x0000000800000000)
  region size 2048K, 4 young (8192K), 3 survivors (6144K)
 Metaspace       used 18231K, capacity 18585K, committed 18688K, reserved 1064960K
  class space    used 2614K, capacity 2718K, committed 2816K, reserved 1048576K
}
Event: 3.417 GC heap after
{Heap after GC invocations=21 (full 0):
 garbage-first heap   total 354304K, used 173147K [0x0000000702a00000, 0x0000000800000000)
  region size 2048K, 4 young (8192K), 4 survivors (8192K)
 Metaspace       used 18231K, capacity 18585K, committed 18688K, reserved 1064960K
  class space    used 2614K, capacity 2718K, committed 2816K, reserved 1048576K
}
Event: 3.436 GC heap before
{Heap before GC invocations=22 (full 0):
 garbage-first heap   total 354304K, used 177243K [0x0000000702a00000, 0x0000000800000000)
  region size 2048K, 5 young (10240K), 4 survivors (8192K)
 Metaspace       used 18247K, capacity 18591K, committed 18688K, reserved 1064960K
  class space    used 2615K, capacity 2719K, committed 2816K, reserved 1048576K
}
Event: 3.439 GC heap after
{Heap after GC invocations=23 (full 0):
 garbage-first heap   total 354304K, used 176756K [0x0000000702a00000, 0x0000000800000000)
  region size 2048K, 3 young (6144K), 3 survivors (6144K)
 Metaspace       used 18247K, capacity 18591K, committed 18688K, reserved 1064960K
  class space    used 2615K, capacity 2719K, committed 2816K, reserved 1048576K
}
Event: 3.454 GC heap before
{Heap before GC invocations=24 (full 0):
 garbage-first heap   total 354304K, used 180852K [0x0000000702a00000, 0x0000000800000000)
  region size 2048K, 4 young (8192K), 3 survivors (6144K)
 Metaspace       used 18250K, capacity 18591K, committed 18688K, reserved 1064960K
  class space    used 2615K, capacity 2719K, committed 2816K, reserved 1048576K
}
Event: 3.457 GC heap after
{Heap after GC invocations=25 (full 0):
 garbage-first heap   total 354304K, used 181034K [0x0000000702a00000, 0x0000000800000000)
  region size 2048K, 4 young (8192K), 4 survivors (8192K)
 Metaspace       used 18250K, capacity 18591K, committed 18688K, reserved 1064960K
  class space    used 2615K, capacity 2719K, committed 2816K, reserved 1048576K
}
Event: 3.479 GC heap before
{Heap before GC invocations=26 (full 0):
 garbage-first heap   total 354304K, used 187178K [0x0000000702a00000, 0x0000000800000000)
  region size 2048K, 5 young (10240K), 4 survivors (8192K)
 Metaspace       used 18256K, capacity 18597K, committed 18944K, reserved 1064960K
  class space    used 2615K, capacity 2720K, committed 2816K, reserved 1048576K
}
Event: 3.481 GC heap after
{Heap after GC invocations=27 (full 0):
 garbage-first heap   total 354304K, used 187482K [0x0000000702a00000, 0x0000000800000000)
  region size 2048K, 4 young (8192K), 4 survivors (8192K)
 Metaspace       used 18256K, capacity 18597K, committed 18944K, reserved 1064960K
  class space    used 2615K, capacity 2720K, committed 2816K, reserved 1048576K
}
Event: 3.500 GC heap before
{Heap before GC invocations=28 (full 0):
 garbage-first heap   total 354304K, used 191578K [0x0000000702a00000, 0x0000000800000000)
  region size 2048K, 5 young (10240K), 4 survivors (8192K)
 Metaspace       used 18264K, capacity 18597K, committed 18944K, reserved 1064960K
  class space    used 2615K, capacity 2720K, committed 2816K, reserved 1048576K
}
Event: 3.503 GC heap after
{Heap after GC invocations=29 (full 0):
 garbage-first heap   total 708608K, used 190879K [0x0000000702a00000, 0x0000000800000000)
  region size 2048K, 3 young (6144K), 3 survivors (6144K)
 Metaspace       used 18264K, capacity 18597K, committed 18944K, reserved 1064960K
  class space    used 2615K, capacity 2720K, committed 2816K, reserved 1048576K
}
Event: 3.834 GC heap before
{Heap before GC invocations=30 (full 0):
 garbage-first heap   total 655360K, used 303519K [0x0000000702a00000, 0x0000000800000000)
  region size 2048K, 6 young (12288K), 3 survivors (6144K)
 Metaspace       used 18442K, capacity 18789K, committed 18944K, reserved 1064960K
  class space    used 2615K, capacity 2720K, committed 2816K, reserved 1048576K
}
Event: 3.837 GC heap after
{Heap after GC invocations=31 (full 0):
 garbage-first heap   total 655360K, used 299923K [0x0000000702a00000, 0x0000000800000000)
  region size 2048K, 4 young (8192K), 4 survivors (8192K)
 Metaspace       used 18442K, capacity 18789K, committed 18944K, reserved 1064960K
  class space    used 2615K, capacity 2720K, committed 2816K, reserved 1048576K
}
Event: 3.857 GC heap before
{Heap before GC invocations=32 (full 0):
 garbage-first heap   total 655360K, used 304019K [0x0000000702a00000, 0x0000000800000000)
  region size 2048K, 5 young (10240K), 4 survivors (8192K)
 Metaspace       used 18449K, capacity 18789K, committed 18944K, reserved 1064960K
  class space    used 2615K, capacity 2720K, committed 2816K, reserved 1048576K
}
Event: 3.860 GC heap after
{Heap after GC invocations=33 (full 0):
 garbage-first heap   total 655360K, used 304214K [0x0000000702a00000, 0x0000000800000000)
  region size 2048K, 1 young (2048K), 1 survivors (2048K)
 Metaspace       used 18449K, capacity 18789K, committed 18944K, reserved 1064960K
  class space    used 2615K, capacity 2720K, committed 2816K, reserved 1048576K
}
Event: 3.884 GC heap before
{Heap before GC invocations=34 (full 0):
 garbage-first heap   total 655360K, used 310358K [0x0000000702a00000, 0x0000000800000000)
  region size 2048K, 2 young (4096K), 1 survivors (2048K)
 Metaspace       used 18450K, capacity 18789K, committed 18944K, reserved 1064960K
  class space    used 2615K, capacity 2720K, committed 2816K, reserved 1048576K
}
Event: 3.885 GC heap after
{Heap after GC invocations=35 (full 0):
 garbage-first heap   total 655360K, used 310353K [0x0000000702a00000, 0x0000000800000000)
  region size 2048K, 1 young (2048K), 1 survivors (2048K)
 Metaspace       used 18450K, capacity 18789K, committed 18944K, reserved 1064960K
  class space    used 2615K, capacity 2720K, committed 2816K, reserved 1048576K
}
Event: 3.914 GC heap before
{Heap before GC invocations=36 (full 0):
 garbage-first heap   total 655360K, used 318545K [0x0000000702a00000, 0x0000000800000000)
  region size 2048K, 2 young (4096K), 1 survivors (2048K)
 Metaspace       used 18462K, capacity 18789K, committed 18944K, reserved 1064960K
  class space    used 2615K, capacity 2720K, committed 2816K, reserved 1048576K
}

