# JRE version: Java(TM) SE Runtime Environment (15.0.2+7) (build 15.0.2+7-27)
# Java VM: Java HotSpot(TM) 64-Bit Server VM (15.0.2+7-27, mixed mode, sharing, tiered, compressed oops, g1 gc, windows-amd64)
GC Precious Log:
 CPUs: 8 total, 8 available
 Memory: 16211M
 Large Page Support: Disabled
 NUMA Support: Disabled
 Compressed Oops: Enabled (Zero based)
 Heap Region Size: 2M
 Heap Min Capacity: 8M
 Heap Initial Capacity: 254M
 Heap Max Capacity: 4054M
 Pre-touch: Disabled
 Parallel Workers: 8
 Concurrent Workers: 2
 Concurrent Refinement Workers: 8
 Periodic GC: Disabled
Heap:
 garbage-first heap   total 1122304K, used 317295K [0x0000000702a00000, 0x0000000800000000)
  region size 2048K, 1 young (2048K), 1 survivors (2048K)
 Metaspace       used 18457K, capacity 18793K, committed 18944K, reserved 1064960K
  class space    used 2617K, capacity 2720K, committed 2816K, reserved 1048576K
GC Heap History (20 events):
Event: 3.453 GC heap after
{Heap after GC invocations=17 (full 0):
 garbage-first heap   total 270336K, used 160820K [0x0000000702a00000, 0x0000000800000000)
  region size 2048K, 3 young (6144K), 3 survivors (6144K)
 Metaspace       used 18185K, capacity 18457K, committed 18688K, reserved 1064960K
  class space    used 2616K, capacity 2718K, committed 2816K, reserved 1048576K
}
Event: 3.470 GC heap before
{Heap before GC invocations=18 (full 0):
 garbage-first heap   total 280576K, used 164916K [0x0000000702a00000, 0x0000000800000000)
  region size 2048K, 4 young (8192K), 3 survivors (6144K)
 Metaspace       used 18190K, capacity 18457K, committed 18688K, reserved 1064960K
  class space    used 2616K, capacity 2718K, committed 2816K, reserved 1048576K
}
Event: 3.472 GC heap after
{Heap after GC invocations=19 (full 0):
 garbage-first heap   total 280576K, used 164821K [0x0000000702a00000, 0x0000000800000000)
  region size 2048K, 3 young (6144K), 3 survivors (6144K)
 Metaspace       used 18190K, capacity 18457K, committed 18688K, reserved 1064960K
  class space    used 2616K, capacity 2718K, committed 2816K, reserved 1048576K
}
Event: 3.488 GC heap before
{Heap before GC invocations=20 (full 0):
 garbage-first heap   total 286720K, used 168917K [0x0000000702a00000, 0x0000000800000000)
  region size 2048K, 4 young (8192K), 3 survivors (6144K)
 Metaspace       used 18205K, capacity 18457K, committed 18688K, reserved 1064960K
  class space    used 2616K, capacity 2718K, committed 2816K, reserved 1048576K
}
Event: 3.492 GC heap after
{Heap after GC invocations=21 (full 0):
 garbage-first heap   total 344064K, used 168733K [0x0000000702a00000, 0x0000000800000000)
  region size 2048K, 3 young (6144K), 3 survivors (6144K)
 Metaspace       used 18205K, capacity 18457K, committed 18688K, reserved 1064960K
  class space    used 2616K, capacity 2718K, committed 2816K, reserved 1048576K
}
Event: 3.508 GC heap before
{Heap before GC invocations=22 (full 0):
 garbage-first heap   total 344064K, used 172829K [0x0000000702a00000, 0x0000000800000000)
  region size 2048K, 4 young (8192K), 3 survivors (6144K)
 Metaspace       used 18220K, capacity 18521K, committed 18688K, reserved 1064960K
  class space    used 2616K, capacity 2718K, committed 2816K, reserved 1048576K
}
Event: 3.511 GC heap after
{Heap after GC invocations=23 (full 0):
 garbage-first heap   total 344064K, used 172864K [0x0000000702a00000, 0x0000000800000000)
  region size 2048K, 3 young (6144K), 3 survivors (6144K)
 Metaspace       used 18220K, capacity 18521K, committed 18688K, reserved 1064960K
  class space    used 2616K, capacity 2718K, committed 2816K, reserved 1048576K
}
Event: 3.528 GC heap before
{Heap before GC invocations=24 (full 0):
 garbage-first heap   total 344064K, used 176960K [0x0000000702a00000, 0x0000000800000000)
  region size 2048K, 4 young (8192K), 3 survivors (6144K)
 Metaspace       used 18237K, capacity 18527K, committed 18688K, reserved 1064960K
  class space    used 2617K, capacity 2719K, committed 2816K, reserved 1048576K
}
Event: 3.530 GC heap after
{Heap after GC invocations=25 (full 0):
 garbage-first heap   total 344064K, used 177020K [0x0000000702a00000, 0x0000000800000000)
  region size 2048K, 3 young (6144K), 3 survivors (6144K)
 Metaspace       used 18237K, capacity 18527K, committed 18688K, reserved 1064960K
  class space    used 2617K, capacity 2719K, committed 2816K, reserved 1048576K
}
Event: 3.545 GC heap before
{Heap before GC invocations=26 (full 0):
 garbage-first heap   total 344064K, used 181116K [0x0000000702a00000, 0x0000000800000000)
  region size 2048K, 4 young (8192K), 3 survivors (6144K)
 Metaspace       used 18244K, capacity 18527K, committed 18688K, reserved 1064960K
  class space    used 2617K, capacity 2719K, committed 2816K, reserved 1048576K
}
Event: 3.547 GC heap after
{Heap after GC invocations=27 (full 0):
 garbage-first heap   total 344064K, used 181252K [0x0000000702a00000, 0x0000000800000000)
  region size 2048K, 3 young (6144K), 3 survivors (6144K)
 Metaspace       used 18244K, capacity 18527K, committed 18688K, reserved 1064960K
  class space    used 2617K, capacity 2719K, committed 2816K, reserved 1048576K
}
Event: 3.564 GC heap before
{Heap before GC invocations=28 (full 0):
 garbage-first heap   total 344064K, used 185348K [0x0000000702a00000, 0x0000000800000000)
  region size 2048K, 4 young (8192K), 3 survivors (6144K)
 Metaspace       used 18249K, capacity 18533K, committed 18688K, reserved 1064960K
  class space    used 2617K, capacity 2720K, committed 2816K, reserved 1048576K
}
Event: 3.567 GC heap after
{Heap after GC invocations=29 (full 0):
 garbage-first heap   total 688128K, used 186301K [0x0000000702a00000, 0x0000000800000000)
  region size 2048K, 4 young (8192K), 4 survivors (8192K)
 Metaspace       used 18249K, capacity 18533K, committed 18688K, reserved 1064960K
  class space    used 2617K, capacity 2720K, committed 2816K, reserved 1048576K
}
Event: 3.912 GC heap before
{Heap before GC invocations=30 (full 0):
 garbage-first heap   total 649216K, used 303037K [0x0000000702a00000, 0x0000000800000000)
  region size 2048K, 7 young (14336K), 4 survivors (8192K)
 Metaspace       used 18430K, capacity 18793K, committed 18944K, reserved 1064960K
  class space    used 2617K, capacity 2720K, committed 2816K, reserved 1048576K
}
Event: 3.915 GC heap after
{Heap after GC invocations=31 (full 0):
 garbage-first heap   total 649216K, used 298419K [0x0000000702a00000, 0x0000000800000000)
  region size 2048K, 3 young (6144K), 3 survivors (6144K)
 Metaspace       used 18430K, capacity 18793K, committed 18944K, reserved 1064960K
  class space    used 2617K, capacity 2720K, committed 2816K, reserved 1048576K
}
Event: 3.938 GC heap before
{Heap before GC invocations=32 (full 0):
 garbage-first heap   total 649216K, used 304563K [0x0000000702a00000, 0x0000000800000000)
  region size 2048K, 4 young (8192K), 3 survivors (6144K)
 Metaspace       used 18448K, capacity 18793K, committed 18944K, reserved 1064960K
  class space    used 2617K, capacity 2720K, committed 2816K, reserved 1048576K
}
Event: 3.942 GC heap after
{Heap after GC invocations=33 (full 0):
 garbage-first heap   total 649216K, used 304986K [0x0000000702a00000, 0x0000000800000000)
  region size 2048K, 1 young (2048K), 1 survivors (2048K)
 Metaspace       used 18448K, capacity 18793K, committed 18944K, reserved 1064960K
  class space    used 2617K, capacity 2720K, committed 2816K, reserved 1048576K
}
Event: 3.963 GC heap before
{Heap before GC invocations=34 (full 0):
 garbage-first heap   total 649216K, used 311130K [0x0000000702a00000, 0x0000000800000000)
  region size 2048K, 2 young (4096K), 1 survivors (2048K)
 Metaspace       used 18450K, capacity 18793K, committed 18944K, reserved 1064960K
  class space    used 2617K, capacity 2720K, committed 2816K, reserved 1048576K
}
Event: 3.964 GC heap after
{Heap after GC invocations=35 (full 0):
 garbage-first heap   total 649216K, used 311137K [0x0000000702a00000, 0x0000000800000000)
  region size 2048K, 1 young (2048K), 1 survivors (2048K)
 Metaspace       used 18450K, capacity 18793K, committed 18944K, reserved 1064960K
  class space    used 2617K, capacity 2720K, committed 2816K, reserved 1048576K
}
Event: 3.986 GC heap before
{Heap before GC invocations=36 (full 0):
 garbage-first heap   total 649216K, used 317281K [0x0000000702a00000, 0x0000000800000000)
  region size 2048K, 2 young (4096K), 1 survivors (2048K)
 Metaspace       used 18457K, capacity 18793K, committed 18944K, reserved 1064960K
  class space    used 2617K, capacity 2720K, committed 2816K, reserved 1048576K
}

