# JRE version: Java(TM) SE Runtime Environment (15.0.2+7) (build 15.0.2+7-27)
# Java VM: Java HotSpot(TM) 64-Bit Server VM (15.0.2+7-27, mixed mode, sharing, tiered, compressed oops, g1 gc, windows-amd64)
GC Precious Log:
 CPUs: 8 total, 8 available
 Memory: 16211M
 Large Page Support: Disabled
 NUMA Support: Disabled
 Compressed Oops: Enabled (Zero based)
 Heap Region Size: 2M
 Heap Min Capacity: 8M
 Heap Initial Capacity: 254M
 Heap Max Capacity: 4054M
 Pre-touch: Disabled
 Parallel Workers: 8
 Concurrent Workers: 2
 Concurrent Refinement Workers: 8
 Periodic GC: Disabled
Heap:
 garbage-first heap   total 1067008K, used 308833K [0x0000000702a00000, 0x0000000800000000)
  region size 2048K, 1 young (2048K), 1 survivors (2048K)
 Metaspace       used 18422K, capacity 18705K, committed 18944K, reserved 1064960K
  class space    used 2611K, capacity 2712K, committed 2816K, reserved 1048576K
GC Heap History (20 events):
Event: 3.372 GC heap after
{Heap after GC invocations=17 (full 0):
 garbage-first heap   total 274432K, used 162395K [0x0000000702a00000, 0x0000000800000000)
  region size 2048K, 3 young (6144K), 3 survivors (6144K)
 Metaspace       used 18169K, capacity 18497K, committed 18688K, reserved 1064960K
  class space    used 2610K, capacity 2710K, committed 2816K, reserved 1048576K
}
Event: 3.387 GC heap before
{Heap before GC invocations=18 (full 0):
 garbage-first heap   total 284672K, used 166491K [0x0000000702a00000, 0x0000000800000000)
  region size 2048K, 4 young (8192K), 3 survivors (6144K)
 Metaspace       used 18178K, capacity 18497K, committed 18688K, reserved 1064960K
  class space    used 2610K, capacity 2710K, committed 2816K, reserved 1048576K
}
Event: 3.389 GC heap after
{Heap after GC invocations=19 (full 0):
 garbage-first heap   total 284672K, used 165847K [0x0000000702a00000, 0x0000000800000000)
  region size 2048K, 3 young (6144K), 3 survivors (6144K)
 Metaspace       used 18178K, capacity 18497K, committed 18688K, reserved 1064960K
  class space    used 2610K, capacity 2710K, committed 2816K, reserved 1048576K
}
Event: 3.406 GC heap before
{Heap before GC invocations=20 (full 0):
 garbage-first heap   total 290816K, used 169943K [0x0000000702a00000, 0x0000000800000000)
  region size 2048K, 4 young (8192K), 3 survivors (6144K)
 Metaspace       used 18188K, capacity 18497K, committed 18688K, reserved 1064960K
  class space    used 2610K, capacity 2710K, committed 2816K, reserved 1048576K
}
Event: 3.409 GC heap after
{Heap after GC invocations=21 (full 0):
 garbage-first heap   total 290816K, used 170474K [0x0000000702a00000, 0x0000000800000000)
  region size 2048K, 3 young (6144K), 3 survivors (6144K)
 Metaspace       used 18188K, capacity 18497K, committed 18688K, reserved 1064960K
  class space    used 2610K, capacity 2710K, committed 2816K, reserved 1048576K
}
Event: 3.428 GC heap before
{Heap before GC invocations=22 (full 0):
 garbage-first heap   total 296960K, used 174570K [0x0000000702a00000, 0x0000000800000000)
  region size 2048K, 4 young (8192K), 3 survivors (6144K)
 Metaspace       used 18205K, capacity 18503K, committed 18688K, reserved 1064960K
  class space    used 2611K, capacity 2711K, committed 2816K, reserved 1048576K
}
Event: 3.431 GC heap after
{Heap after GC invocations=23 (full 0):
 garbage-first heap   total 296960K, used 174589K [0x0000000702a00000, 0x0000000800000000)
  region size 2048K, 3 young (6144K), 3 survivors (6144K)
 Metaspace       used 18205K, capacity 18503K, committed 18688K, reserved 1064960K
  class space    used 2611K, capacity 2711K, committed 2816K, reserved 1048576K
}
Event: 3.447 GC heap before
{Heap before GC invocations=24 (full 0):
 garbage-first heap   total 301056K, used 178685K [0x0000000702a00000, 0x0000000800000000)
  region size 2048K, 4 young (8192K), 3 survivors (6144K)
 Metaspace       used 18212K, capacity 18503K, committed 18688K, reserved 1064960K
  class space    used 2611K, capacity 2711K, committed 2816K, reserved 1048576K
}
Event: 3.449 GC heap after
{Heap after GC invocations=25 (full 0):
 garbage-first heap   total 301056K, used 178656K [0x0000000702a00000, 0x0000000800000000)
  region size 2048K, 3 young (6144K), 3 survivors (6144K)
 Metaspace       used 18212K, capacity 18503K, committed 18688K, reserved 1064960K
  class space    used 2611K, capacity 2711K, committed 2816K, reserved 1048576K
}
Event: 3.466 GC heap before
{Heap before GC invocations=26 (full 0):
 garbage-first heap   total 311296K, used 182752K [0x0000000702a00000, 0x0000000800000000)
  region size 2048K, 4 young (8192K), 3 survivors (6144K)
 Metaspace       used 18218K, capacity 18509K, committed 18688K, reserved 1064960K
  class space    used 2611K, capacity 2712K, committed 2816K, reserved 1048576K
}
Event: 3.469 GC heap after
{Heap after GC invocations=27 (full 0):
 garbage-first heap   total 311296K, used 181957K [0x0000000702a00000, 0x0000000800000000)
  region size 2048K, 3 young (6144K), 3 survivors (6144K)
 Metaspace       used 18218K, capacity 18509K, committed 18688K, reserved 1064960K
  class space    used 2611K, capacity 2712K, committed 2816K, reserved 1048576K
}
Event: 3.484 GC heap before
{Heap before GC invocations=28 (full 0):
 garbage-first heap   total 317440K, used 186053K [0x0000000702a00000, 0x0000000800000000)
  region size 2048K, 4 young (8192K), 3 survivors (6144K)
 Metaspace       used 18221K, capacity 18509K, committed 18688K, reserved 1064960K
  class space    used 2611K, capacity 2712K, committed 2816K, reserved 1048576K
}
Event: 3.487 GC heap after
{Heap after GC invocations=29 (full 0):
 garbage-first heap   total 634880K, used 186913K [0x0000000702a00000, 0x0000000800000000)
  region size 2048K, 3 young (6144K), 3 survivors (6144K)
 Metaspace       used 18221K, capacity 18509K, committed 18688K, reserved 1064960K
  class space    used 2611K, capacity 2712K, committed 2816K, reserved 1048576K
}
Event: 3.807 GC heap before
{Heap before GC invocations=30 (full 0):
 garbage-first heap   total 634880K, used 293409K [0x0000000702a00000, 0x0000000800000000)
  region size 2048K, 6 young (12288K), 3 survivors (6144K)
 Metaspace       used 18398K, capacity 18705K, committed 18944K, reserved 1064960K
  class space    used 2611K, capacity 2712K, committed 2816K, reserved 1048576K
}
Event: 3.810 GC heap after
{Heap after GC invocations=31 (full 0):
 garbage-first heap   total 634880K, used 289131K [0x0000000702a00000, 0x0000000800000000)
  region size 2048K, 3 young (6144K), 3 survivors (6144K)
 Metaspace       used 18398K, capacity 18705K, committed 18944K, reserved 1064960K
  class space    used 2611K, capacity 2712K, committed 2816K, reserved 1048576K
}
Event: 3.832 GC heap before
{Heap before GC invocations=32 (full 0):
 garbage-first heap   total 634880K, used 295275K [0x0000000702a00000, 0x0000000800000000)
  region size 2048K, 4 young (8192K), 3 survivors (6144K)
 Metaspace       used 18404K, capacity 18705K, committed 18944K, reserved 1064960K
  class space    used 2611K, capacity 2712K, committed 2816K, reserved 1048576K
}
Event: 3.834 GC heap after
{Heap after GC invocations=33 (full 0):
 garbage-first heap   total 634880K, used 296502K [0x0000000702a00000, 0x0000000800000000)
  region size 2048K, 1 young (2048K), 1 survivors (2048K)
 Metaspace       used 18404K, capacity 18705K, committed 18944K, reserved 1064960K
  class space    used 2611K, capacity 2712K, committed 2816K, reserved 1048576K
}
Event: 3.854 GC heap before
{Heap before GC invocations=34 (full 0):
 garbage-first heap   total 634880K, used 302646K [0x0000000702a00000, 0x0000000800000000)
  region size 2048K, 2 young (4096K), 1 survivors (2048K)
 Metaspace       used 18420K, capacity 18705K, committed 18944K, reserved 1064960K
  class space    used 2611K, capacity 2712K, committed 2816K, reserved 1048576K
}
Event: 3.855 GC heap after
{Heap after GC invocations=35 (full 0):
 garbage-first heap   total 634880K, used 302598K [0x0000000702a00000, 0x0000000800000000)
  region size 2048K, 1 young (2048K), 1 survivors (2048K)
 Metaspace       used 18420K, capacity 18705K, committed 18944K, reserved 1064960K
  class space    used 2611K, capacity 2712K, committed 2816K, reserved 1048576K
}
Event: 3.876 GC heap before
{Heap before GC invocations=36 (full 0):
 garbage-first heap   total 634880K, used 308742K [0x0000000702a00000, 0x0000000800000000)
  region size 2048K, 2 young (4096K), 1 survivors (2048K)
 Metaspace       used 18422K, capacity 18705K, committed 18944K, reserved 1064960K
  class space    used 2611K, capacity 2712K, committed 2816K, reserved 1048576K
}

