# JRE version: Java(TM) SE Runtime Environment (15.0.2+7) (build 15.0.2+7-27)
# Java VM: Java HotSpot(TM) 64-Bit Server VM (15.0.2+7-27, mixed mode, sharing, tiered, compressed oops, g1 gc, windows-amd64)
GC Precious Log:
 CPUs: 8 total, 8 available
 Memory: 16211M
 Large Page Support: Disabled
 NUMA Support: Disabled
 Compressed Oops: Enabled (Zero based)
 Heap Region Size: 2M
 Heap Min Capacity: 8M
 Heap Initial Capacity: 254M
 Heap Max Capacity: 4054M
 Pre-touch: Disabled
 Parallel Workers: 8
 Concurrent Workers: 2
 Concurrent Refinement Workers: 8
 Periodic GC: Disabled
Heap:
 garbage-first heap   total 1089536K, used 291725K [0x0000000702a00000, 0x0000000800000000)
  region size 2048K, 1 young (2048K), 1 survivors (2048K)
 Metaspace       used 18425K, capacity 18769K, committed 18944K, reserved 1064960K
  class space    used 2614K, capacity 2712K, committed 2816K, reserved 1048576K
GC Heap History (20 events):
Event: 3.339 GC heap after
{Heap after GC invocations=17 (full 0):
 garbage-first heap   total 276480K, used 164575K [0x0000000702a00000, 0x0000000800000000)
  region size 2048K, 2 young (4096K), 2 survivors (4096K)
 Metaspace       used 18193K, capacity 18433K, committed 18688K, reserved 1064960K
  class space    used 2613K, capacity 2710K, committed 2816K, reserved 1048576K
}
Event: 3.363 GC heap before
{Heap before GC invocations=18 (full 0):
 garbage-first heap   total 286720K, used 170719K [0x0000000702a00000, 0x0000000800000000)
  region size 2048K, 3 young (6144K), 2 survivors (4096K)
 Metaspace       used 18215K, capacity 18497K, committed 18688K, reserved 1064960K
  class space    used 2613K, capacity 2710K, committed 2816K, reserved 1048576K
}
Event: 3.365 GC heap after
{Heap after GC invocations=19 (full 0):
 garbage-first heap   total 286720K, used 170668K [0x0000000702a00000, 0x0000000800000000)
  region size 2048K, 2 young (4096K), 2 survivors (4096K)
 Metaspace       used 18215K, capacity 18497K, committed 18688K, reserved 1064960K
  class space    used 2613K, capacity 2710K, committed 2816K, reserved 1048576K
}
Event: 3.389 GC heap before
{Heap before GC invocations=20 (full 0):
 garbage-first heap   total 296960K, used 176812K [0x0000000702a00000, 0x0000000800000000)
  region size 2048K, 3 young (6144K), 2 survivors (4096K)
 Metaspace       used 18242K, capacity 18567K, committed 18688K, reserved 1064960K
  class space    used 2613K, capacity 2711K, committed 2816K, reserved 1048576K
}
Event: 3.392 GC heap after
{Heap after GC invocations=21 (full 0):
 garbage-first heap   total 296960K, used 176823K [0x0000000702a00000, 0x0000000800000000)
  region size 2048K, 2 young (4096K), 2 survivors (4096K)
 Metaspace       used 18242K, capacity 18567K, committed 18688K, reserved 1064960K
  class space    used 2613K, capacity 2711K, committed 2816K, reserved 1048576K
}
Event: 3.415 GC heap before
{Heap before GC invocations=22 (full 0):
 garbage-first heap   total 307200K, used 182967K [0x0000000702a00000, 0x0000000800000000)
  region size 2048K, 3 young (6144K), 2 survivors (4096K)
 Metaspace       used 18248K, capacity 18573K, committed 18688K, reserved 1064960K
  class space    used 2614K, capacity 2712K, committed 2816K, reserved 1048576K
}
Event: 3.417 GC heap after
{Heap after GC invocations=23 (full 0):
 garbage-first heap   total 307200K, used 183003K [0x0000000702a00000, 0x0000000800000000)
  region size 2048K, 2 young (4096K), 2 survivors (4096K)
 Metaspace       used 18248K, capacity 18573K, committed 18688K, reserved 1064960K
  class space    used 2614K, capacity 2712K, committed 2816K, reserved 1048576K
}
Event: 3.433 GC heap before
{Heap before GC invocations=24 (full 0):
 garbage-first heap   total 317440K, used 187099K [0x0000000702a00000, 0x0000000800000000)
  region size 2048K, 3 young (6144K), 2 survivors (4096K)
 Metaspace       used 18253K, capacity 18573K, committed 18688K, reserved 1064960K
  class space    used 2614K, capacity 2712K, committed 2816K, reserved 1048576K
}
Event: 3.435 GC heap after
{Heap after GC invocations=25 (full 0):
 garbage-first heap   total 317440K, used 187485K [0x0000000702a00000, 0x0000000800000000)
  region size 2048K, 3 young (6144K), 3 survivors (6144K)
 Metaspace       used 18253K, capacity 18573K, committed 18688K, reserved 1064960K
  class space    used 2614K, capacity 2712K, committed 2816K, reserved 1048576K
}
Event: 3.450 GC heap before
{Heap before GC invocations=26 (full 0):
 garbage-first heap   total 327680K, used 191581K [0x0000000702a00000, 0x0000000800000000)
  region size 2048K, 4 young (8192K), 3 survivors (6144K)
 Metaspace       used 18258K, capacity 18573K, committed 18688K, reserved 1064960K
  class space    used 2614K, capacity 2712K, committed 2816K, reserved 1048576K
}
Event: 3.452 GC heap after
{Heap after GC invocations=27 (full 0):
 garbage-first heap   total 327680K, used 191222K [0x0000000702a00000, 0x0000000800000000)
  region size 2048K, 2 young (4096K), 2 survivors (4096K)
 Metaspace       used 18258K, capacity 18573K, committed 18688K, reserved 1064960K
  class space    used 2614K, capacity 2712K, committed 2816K, reserved 1048576K
}
Event: 3.467 GC heap before
{Heap before GC invocations=28 (full 0):
 garbage-first heap   total 331776K, used 195318K [0x0000000702a00000, 0x0000000800000000)
  region size 2048K, 3 young (6144K), 2 survivors (4096K)
 Metaspace       used 18259K, capacity 18573K, committed 18688K, reserved 1064960K
  class space    used 2614K, capacity 2712K, committed 2816K, reserved 1048576K
}
Event: 3.471 GC heap after
{Heap after GC invocations=29 (full 0):
 garbage-first heap   total 598016K, used 195230K [0x0000000702a00000, 0x0000000800000000)
  region size 2048K, 2 young (4096K), 2 survivors (4096K)
 Metaspace       used 18259K, capacity 18573K, committed 18688K, reserved 1064960K
  class space    used 2614K, capacity 2712K, committed 2816K, reserved 1048576K
}
Event: 3.710 GC heap before
{Heap before GC invocations=30 (full 0):
 garbage-first heap   total 598016K, used 275102K [0x0000000702a00000, 0x0000000800000000)
  region size 2048K, 5 young (10240K), 2 survivors (4096K)
 Metaspace       used 18403K, capacity 18705K, committed 18944K, reserved 1064960K
  class space    used 2614K, capacity 2712K, committed 2816K, reserved 1048576K
}
Event: 3.713 GC heap after
{Heap after GC invocations=31 (full 0):
 garbage-first heap   total 598016K, used 271445K [0x0000000702a00000, 0x0000000800000000)
  region size 2048K, 3 young (6144K), 3 survivors (6144K)
 Metaspace       used 18403K, capacity 18705K, committed 18944K, reserved 1064960K
  class space    used 2614K, capacity 2712K, committed 2816K, reserved 1048576K
}
Event: 3.734 GC heap before
{Heap before GC invocations=32 (full 0):
 garbage-first heap   total 598016K, used 277589K [0x0000000702a00000, 0x0000000800000000)
  region size 2048K, 4 young (8192K), 3 survivors (6144K)
 Metaspace       used 18409K, capacity 18705K, committed 18944K, reserved 1064960K
  class space    used 2614K, capacity 2712K, committed 2816K, reserved 1048576K
}
Event: 3.737 GC heap after
{Heap after GC invocations=33 (full 0):
 garbage-first heap   total 598016K, used 279541K [0x0000000702a00000, 0x0000000800000000)
  region size 2048K, 1 young (2048K), 1 survivors (2048K)
 Metaspace       used 18409K, capacity 18705K, committed 18944K, reserved 1064960K
  class space    used 2614K, capacity 2712K, committed 2816K, reserved 1048576K
}
Event: 3.758 GC heap before
{Heap before GC invocations=34 (full 0):
 garbage-first heap   total 598016K, used 285685K [0x0000000702a00000, 0x0000000800000000)
  region size 2048K, 2 young (4096K), 1 survivors (2048K)
 Metaspace       used 18415K, capacity 18705K, committed 18944K, reserved 1064960K
  class space    used 2614K, capacity 2712K, committed 2816K, reserved 1048576K
}
Event: 3.760 GC heap after
{Heap after GC invocations=35 (full 0):
 garbage-first heap   total 598016K, used 285567K [0x0000000702a00000, 0x0000000800000000)
  region size 2048K, 1 young (2048K), 1 survivors (2048K)
 Metaspace       used 18415K, capacity 18705K, committed 18944K, reserved 1064960K
  class space    used 2614K, capacity 2712K, committed 2816K, reserved 1048576K
}
Event: 3.781 GC heap before
{Heap before GC invocations=36 (full 0):
 garbage-first heap   total 598016K, used 291711K [0x0000000702a00000, 0x0000000800000000)
  region size 2048K, 2 young (4096K), 1 survivors (2048K)
 Metaspace       used 18425K, capacity 18769K, committed 18944K, reserved 1064960K
  class space    used 2614K, capacity 2712K, committed 2816K, reserved 1048576K
}

